
ROM used: 17106 (52%)
          17106 (52%) including unused fragments

          6 Average locations per line
          17 Average locations per statement

RAM used: 1261 (62%) at main() level
          1358 (66%) worst case

Stack used: 8 worst case (out of 31 total available)

Lines Stmts  %   Files
----- ----- ---  -----
   84    36   4  main.c
  457     0   0  C:\Program Files (x86)\PICC\devices\18F4550.h
  409   121  12  C:\Program Files (x86)\PICC\drivers\string.h
   28     0   0  C:\Program Files (x86)\PICC\drivers\stddef.h
   28     0   0  C:\Program Files (x86)\PICC\drivers\ctype.h
  128     0   0  MMC_SPI_FAT32.h
 1520   714  72  MMC_SPI_FAT32.c
  229   111  11  C:\Program Files (x86)\PICC\drivers\STDLIBM.H
   81    13   1  C:\Program Files (x86)\PICC\drivers\memmgmt.c
----- -----
 2964   995 Total

Page ROM  %  RAM   Vol Diff  Functions:
---- --- --- ---   --- ----  ----------
0     42   0   1             @delay_ms1
0    122   0   5   231  6.6  strcmp
0     58   0   5   129  4.6  strlen
0     54   0   5             @SPI_XFER_1
0     60   0   8   144  3.5  create_node
0     24   0   6    57  2.5  update_node
0    134   0   8   180  4.5  insert_node_after
0    140   0   8   187  3.6  remove_node
0    290   1  12   693  8.9  traverse
0    320   1  11   831 10.7  malloc
0    122   0   8   374  6.1  Free
0     54   0   3   111  4.2  IsSelfDir
0     16   0   1    35  1.4  MMCOut
0     16   0   0    27  1.0  MMC8Clock
0     18   0   0    32  1.1  MMCIn
0    226   1   3  1026  6.7  MMCInit
0     98   0   4   187  5.0  GetCurrentDOSDate
0     98   0   4   189  4.7  GetCurrentDOSTime
0    224   1  11  1371  9.3  ReadSector
0    296   1  11  1689 10.4  WriteSector
0    448   1   9  1385  8.2  InitFAT
0     92   0  14             @MUL3232
0     34   0   5             @MUL1616
0    274   1  17   344  6.5  GetNextCluster
0    360   1  21   486  6.7  SetClusterEntry
0    470   1  21   641  8.2  FindFirstFreeCluster
0    190   1   9   716  7.8  ConvertFilename
0    254   1   9  1269  9.6  ConvertLongFilename
0    220   1  11   825  7.3  GetDOSName
0    508   1   9   592  6.7  ReadRootDirectory
0    900   3  35  1791 12.5  FindDirEntry
0    386   1  10   836  8.7  TryFile
0     78   0  10   199  4.5  strfill
0    466   1   5   487  5.9  InitList
0   2832   8  36  5342 12.4  ListFiles
0     16   0   0             @const468
0     34   0   2             @PSTRINGC_9600_31766_31767
0    696   2  13   896  7.6  NextPage
0     76   0   3   118  4.2  CloseList
0    206   1   3   258  4.8  FreeList
0   1182   3  19  1934 10.0  fcreate
0    198   1   7   165  3.8  ComposeCluster
0   1542   5  25  2161 10.6  fopen
0    208   1   3   253  5.3  fclose
0    984   3  13   960  7.8  fflush
0    376   1   9   542  6.7  cwd
0    936   3  17   880  8.7  fgetch
0    548   2  26  1269  7.7  MAIN
0     18   0   0             @const523
0     22   0   0             @const524
0      6   0   0             @const525
0     38   0   2             @PSTRINGR_9600_31766_31767
0     36   0   0             @const529
0     14   0   0             @const530
0     20   0   0             @const531
0     22   0   0             @const532

Program metrics:
    Functions               42
    Statements              995
    Comments                1543
    Volume (V)              55451
    Difficilty (D)          280.6
    Effort to implement (E) 15558468
    Time to implement (T)   240 hours, 6 minutes
    Est Delivered Bugs (B)  21
    Cyclomatic Complexity   131
    Maintainability (MI)    83

 Segment     Used  Free
-----------  ----  ----
00000-00002     4  0  
00004-07FFE  17102  15662  



