
ROM used: 2605 (32%)
          3051 (37%) including unused fragments

          1 Average locations per line
          5 Average locations per statement

RAM used: 66 (18%) at main() level
          122 (33%) worst case

Stack used: 6 worst case (out of 7 total available)

Lines Stmts  %   Files
----- ----- ---  -----
  184   100  19  D:\Fichiers_Divers\DataPic\Scanning_Capteurs_2\reception.c
   49     0   0  D:\Fichiers_Divers\DataPic\Include\887_sv3_rser.h
  410     0   0  C:\PROGRA~1\PICC\devices\16F887.h
  417     0   0  C:\PROGRA~1\PICC\drivers\string.h
   28     0   0  C:\PROGRA~1\PICC\drivers\stddef.h
   28     0   0  C:\PROGRA~1\PICC\drivers\ctype.h
  893   380  72  C:\PROGRA~1\PICC\drivers\stdlib.h
  148    45   9  D:\Fichiers_Divers\DataPic\Scanning_Capteurs_2\db_lcd.c
----- -----
 2157   525 Total

Page ROM  %  RAM   Vol Diff  Functions:
---- --- --- ---   --- ----  ----------
 Inline       13             @MULFF
 Inline        2             @ITOF
 Inline       14             @DIVFF
0     20   1   1             @delay_ms1
0      8   0   0             @const334
0     14   1   1   134  2.2  lcd_send_nibble
0     35   1   3   166  3.8  lcd_send_byte
0    110   4   1   375  4.2  lcd_char
 Inline        2   160  4.0  lcd_init
 Inline        4   412  3.9  lcd_gotoxy
 Inline        1    99  3.0  lcd_cursor
0     28   1   3   160  4.0  serial_isr
 Inline        3   174  3.3  beep
 Inline        6   464  7.8  dec2bin
0     17   1   2   149  4.7  bgetc
0    121   5   1   158  1.7  initialisation
0     22   1   0             @const373
0     20   1   0             @const374
1   1004  39  15  3283 10.9  lect_capteurs
0     22   1   0             @const382
0     33   1   2             @PRINTF_X_341
0     22   1   0             @const387
0    128   5   9             @PRINTF_LD_341
0     23   1   0             @const391
 Inline        5             @FTOSD
0     68   3  13             @DIV3232
0    374  14  13             @PRINTF_L32D_341FPFPF
0     19   1   0             @const401
0     16   1   0             @const402
0     99   4   9             @PRINTF_LU_341
0     19   1   0             @const405
0     15   1   0             @const406
0     24   1   0             @const407
0    123   5  13             @PRINTF_L32U_341FP
0     22   1   0             @const412
0     17   1   0             @const413
0     90   3   1   263  3.5  MAIN
0     19   1   0             @const416
0     20   1   0             @const417

Program metrics:
    Functions               13
    Statements              525
    Comments                861
    Volume (V)              8915
    Difficilty (D)          55.0
    Effort to implement (E) 490312
    Time to implement (T)   7 hours, 34 minutes
    Est Delivered Bugs (B)  2
    Cyclomatic Complexity   29
    Maintainability (MI)    79

 Segment     Used  Free
-----------  ----  ----
00000-00000     0  1  
00001-00004     4  0  
00005-00035    49  0  
00036-007FF  1548  446  
00800-00FFF  1004  1044  
01000-017FF     0  2048  
01800-01FFF     0  2048  



