
ROM used: 2813 (34%)
          3096 (38%) including unused fragments

          1 Average locations per line
          5 Average locations per statement

RAM used: 67 (18%) at main() level
          119 (32%) worst case

Stack used: 7 worst case (out of 7 total available)

Lines Stmts  %   Files
----- ----- ---  -----
  195   102  19  D:\Fichiers_Divers\DataPic\Scanning_Capteurs_2\reception_v2.c
   70     0   0  D:\Fichiers_Divers\DataPic\Include\887_sv3_rser.h
  410     0   0  C:\PROGRA~1\PICC\devices\16F887.h
  417     0   0  C:\PROGRA~1\PICC\drivers\string.h
   28     0   0  C:\PROGRA~1\PICC\drivers\stddef.h
   28     0   0  C:\PROGRA~1\PICC\drivers\ctype.h
  893   380  70  C:\PROGRA~1\PICC\drivers\stdlib.h
  236    62  11  D:\Fichiers_Divers\DataPic\Include\LCD420_S3.c
----- -----
 2277   544 Total

Page ROM  %  RAM   Vol Diff  Functions:
---- --- --- ---   --- ----  ----------
 Inline       13             @MULFF
 Inline        2             @ITOF
 Inline       14             @DIVFF
0     20   1   1             @delay_ms1
0      8   0   0             @const325
0     68   2   0             @const327
0     51   2   1   326  2.8  lcd_send_nibble
0     42   1   3   211  3.8  lcd_send_byte
 Inline        2   282  4.6  lcd_init
 Inline        2   171  4.0  lcd_init_custom_chars
0     32   1   4   336  6.0  lcd_gotoxy
0      8   0   0             @goto11336
0     47   2   1   375  5.1  lcd_putc
0     29   1   1   306  1.5  cursor
0      8   0   0             @goto11360
0     28   1   3   160  4.0  serial_isr
 Inline        3   174  3.3  beep
 Inline        6   486  8.3  dec2bin
0     17   1   2   149  4.7  bgetc
0    136   5   1   174  1.7  initialisation
0     22   1   0             @const368
0     20   1   0             @const369
1   1049  37  14  3180  9.0  lect_capteurs
0     22   1   0             @const375
0     33   1   2             @PRINTF_X_344
0     20   1   0             @const380
0     12   0   0             @const381
0    128   5   9             @PRINTF_LD_344
0     20   1   0             @const384
0     23   1   0             @const386
0     22   1   0             @const388
0     14   0   0             @const389
 Inline        5             @FTOSD
0     68   2  13             @DIV3232
0    356  13  13             @PRINTF_L32D_344FPFPF
0     21   1   0             @const398
0     13   0   0             @const399
0     99   4   9             @PRINTF_LU_344
0     21   1   0             @const402
0     12   0   0             @const403
0     20   1   0             @const404
0    119   4  13             @PRINTF_L32U_344FP
0     23   1   0             @const409
0     90   3   1   263  3.5  MAIN
0     19   1   0             @const413
0     20   1   0             @const414

Program metrics:
    Functions               14
    Statements              544
    Comments                897
    Volume (V)              10155
    Difficilty (D)          58.1
    Effort to implement (E) 589721
    Time to implement (T)   9 hours, 6 minutes
    Est Delivered Bugs (B)  2
    Cyclomatic Complexity   34
    Maintainability (MI)    69

 Segment     Used  Free
-----------  ----  ----
00000-00000     0  1  
00001-00004     4  0  
00005-00035    49  0  
00036-007FF  1711  283  
00800-00FFF  1049  999  
01000-017FF     0  2048  
01800-01EFF     0  1792  
01F00-01FFF     0  256  



