
ROM used: 3582 (44%)
          3611 (44%) including unused fragments

          4 Average locations per line
          14 Average locations per statement

RAM used: 27 (7%) at main() level
          67 (18%) worst case

Stack used: 6 worst case (out of 8 total available)

Lines Stmts  %   Files
----- ----- ---  -----
  299   195  76  D:\Fichiers_Divers\DataPic\Scanning_Capteurs_2\Scan_Cap_887.c
   47     0   0  D:\Fichiers_Divers\DataPic\Include\887_sv3_scan.h
  410     0   0  C:\PROGRA~1\PICC\devices\16F887.h
  236    62  24  D:\Fichiers_Divers\DataPic\Include\LCD420_S3.c
----- -----
  992   257 Total

Page ROM  %  RAM   Vol Diff  Functions:
---- --- --- ---   --- ----  ----------
0     20   1   1             @delay_ms1
0     84   2   3             @I2C_READ_1
0     92   3   1             @I2C_WRITE_1
0      8   0   0             @const54
0     41   1   1   326  2.8  lcd_send_nibble
0     38   1   3   211  3.8  lcd_send_byte
 Inline        2   282  4.6  lcd_init
0     32   1   4   336  6.0  lcd_gotoxy
0      8   0   0             @goto10131
0     47   1   1   375  5.1  lcd_putc
0     29   1   1   255  3.5  cursor
0      8   0   0             @goto10155
 Inline        3   174  3.3  beep
0    129   4   1   195  2.2  initialisation
0     21   1   0             @const98
0     20   1   0             @const99
 Inline        6   464  7.8  dec2bin
0    122   3   5   287  4.7  lec_i2c
0    137   4   9   420  5.7  lecdb_i2c
0     72   2   3   114  2.2  ecr_i2c
 Inline       10  1579  4.9  lecture_ACC
0     21   1   5             @MUL1616
0     23   1   0             @const130
0    128   4   9             @PRINTF_LD_73
 Inline       14   512  3.4  lecture_temp
 Inline        2             @SITOF
0    202   6  14             @DIVFF
0     31   1   4             @SFTOI
0     23   1   0             @const147
0     19   1   0             @const148
0    117   3  13             @MULFF
 Inline        5             @FTOSD
0     66   2  13             @DIV3232
0    233   7  13             @PRINTF_L32D_73FPFPF
 Inline        6   400  3.1  lecture_light
0     29   1   2             @ITOF
0     23   1   0             @const166
0     12   0   0             @const167
 Inline        6   512  3.3  lecture_SRF02
0     22   1   0             @const172
0     16   0   0             @const173
 Inline        6   403  3.2  lecture_boussole
 Inline        5             @DIV1616
0     20   1   0             @const181
0     15   0   0             @const182
 Inline       21   720  5.7  lecture_ADC
0     18   1   0             @const189
1    119   3  13             @PRINTF_L32U_73FP
 Inline        3   250  2.2  lecture_port
0     26   1   0             @const196
 Inline        2             @PRINTF_X_73
1   1323  37   1   323  3.6  lect_capteurs
1    122   3   2   388  4.5  MAIN
0     19   1   0             @const205
0     23   1   3             @DIV88
0     20   1   0             @const209

Program metrics:
    Functions               21
    Statements              257
    Comments                301
    Volume (V)              15066
    Difficilty (D)          81.4
    Effort to implement (E) 1226070
    Time to implement (T)   18 hours, 55 minutes
    Est Delivered Bugs (B)  4
    Cyclomatic Complexity   35
    Maintainability (MI)    76

 Segment     Used  Free
-----------  ----  ----
00000-00000     0  1  
00001-00004     4  0  
00005-007FF  2014  29  
00800-00FFF  1564  484  
01000-017FF     0  2048  
01800-01EFF     0  1792  
01F00-01FFF     0  256  



