$GPGGA,093217.006,5027.000000,N,00357.000000,E,1,2,0,64,M,0,M,,*78
$GPGLL,5027.000000,N,00357.000000,E,093217.006,A,A*53
$GPVTG,0,T,0,M,1.08,N,2.00111172873819,K,A*21
$GPRMC,093217.006,A,5027.000000,N,00357.000000,E,1.08,0,030323,0,E,A*37
$GPGSA,A,3,1,2,,,,,,,,,,,0,0,0*2F
$GPGSV,1,1,2,1,32,22,0,2,30,10,0*4B

$GPGGA,093218.240,5027.016667,N,00356.016667,E,1,2,0,64,M,0,M,,*77
$GPGLL,5027.016667,N,00356.016667,E,093218.240,A,A*5C
$GPVTG,0,T,0,M,1.08,N,2.00111172873819,K,A*21
$GPRMC,093218.240,A,5027.016667,N,00356.016667,E,1.08,0,030323,0,E,A*38
$GPGSA,A,3,1,2,,,,,,,,,,,0,0,0*2F
$GPGSV,1,1,2,1,32,23,0,2,30,11,0*4B

$GPGGA,093219.426,5028.033333,N,00358.033333,E,1,2,0,64,M,0,M,,*70
$GPGLL,5028.033333,N,00358.033333,E,093219.426,A,A*5B
$GPVTG,0,T,0,M,1.08,N,2.00111172873819,K,A*21
$GPRMC,093219.426,A,5028.033333,N,00358.033333,E,1.08,0,030323,0,E,A*3F
$GPGSA,A,3,1,2,,,,,,,,,,,0,0,0*2F
$GPGSV,1,1,2,1,32,24,0,2,30,12,0*4F

$GPGGA,093220.627,5028.050000,N,00359.050000,E,1,2,0,64,M,0,M,,*79
$GPGLL,5028.050000,N,00359.050000,E,093220.627,A,A*52
$GPVTG,0,T,0,M,1.08,N,2.00111172873819,K,A*21
$GPRMC,093220.627,A,5028.050000,N,00359.050000,E,1.08,0,030323,0,E,A*36
$GPGSA,A,3,1,2,,,,,,,,,,,0,0,0*2F
$GPGSV,1,1,2,1,32,25,0,2,30,13,0*4F

$GPGGA,093221.840,5029.066667,N,00400.066667,E,1,2,0,64,M,0,M,,*77
$GPGLL,5029.066667,N,00400.066667,E,093221.840,A,A*5C
$GPVTG,0,T,0,M,1.08,N,2.00111172873819,K,A*21
$GPRMC,093221.840,A,5029.066667,N,00400.066667,E,1.08,0,030323,0,E,A*38
$GPGSA,A,3,1,2,,,,,,,,,,,0,0,0*2F
$GPGSV,1,1,2,1,32,26,0,2,30,14,0*4B

$GPGGA,093223.072,5028.083333,N,00402.083333,E,1,2,0,64,M,0,M,,*7C
$GPGLL,5028.083333,N,00402.083333,E,093223.072,A,A*57
$GPVTG,0,T,0,M,1.08,N,2.00111172873819,K,A*21
$GPRMC,093223.072,A,5028.083333,N,00402.083333,E,1.08,0,030323,0,E,A*33
$GPGSA,A,3,1,2,,,,,,,,,,,0,0,0*2F
$GPGSV,1,1,2,1,32,27,0,2,30,15,0*4B

$GPGGA,093224.258,5029.100000,N,00402.100000,E,1,2,0,64,M,0,M,,*71
$GPGLL,5029.100000,N,00402.100000,E,093224.258,A,A*5A
$GPVTG,0,T,0,M,1.08,N,2.00111172873819,K,A*21
$GPRMC,093224.258,A,5029.100000,N,00402.100000,E,1.08,0,030323,0,E,A*3E
$GPGSA,A,3,1,2,,,,,,,,,,,0,0,0*2F
$GPGSV,1,1,2,1,32,28,0,2,30,16,0*47

$GPGGA,093225.461,5027.116667,N,00358.116667,E,1,2,0,64,M,0,M,,*7C
$GPGLL,5027.116667,N,00358.116667,E,093225.461,A,A*57
$GPVTG,0,T,0,M,1.08,N,2.00111172873819,K,A*21
$GPRMC,093225.461,A,5027.116667,N,00358.116667,E,1.08,0,030323,0,E,A*33
$GPGSA,A,3,1,2,,,,,,,,,,,0,0,0*2F
$GPGSV,1,1,2,1,32,29,0,2,30,17,0*47

$GPGGA,093226.650,5027.133333,N,00356.133333,E,1,2,0,64,M,0,M,,*7F
$GPGLL,5027.133333,N,00356.133333,E,093226.650,A,A*54
$GPVTG,0,T,0,M,1.08,N,2.00111172873819,K,A*21
$GPRMC,093226.650,A,5027.133333,N,00356.133333,E,1.08,0,030323,0,E,A*30
$GPGSA,A,3,1,2,,,,,,,,,,,0,0,0*2F
$GPGSV,1,1,2,1,32,30,0,2,30,18,0*40


