
ROM used: 8518 (26%)
          8518 (26%) including unused fragments

          4 Average locations per line
          15 Average locations per statement

RAM used: 261 (13%) at main() level
          362 (18%) worst case

Stack used: 6 worst case (out of 31 total available)

Lines Stmts  %   Files
----- ----- ---  -----
  116    52   9  Lect_sd_4550.c
   47     0   0  ..\Include\4550_sv3_scan.h
  457     0   0  C:\Program Files (x86)\PICC\devices\18F4550.h
  236    62  11  ..\Include\LCD420_S3.c
 1130   459  80  ..\Include\HDD Driver.c
----- -----
 1986   573 Total

Page ROM  %  RAM   Vol Diff  Functions:
---- --- --- ---   --- ----  ----------
0     40   0   1             @delay_ms1
0     20   0   0             @const73
0     66   0   1   326  2.8  lcd_send_nibble
0     66   0   3   211  3.8  lcd_send_byte
0     88   1   2   282  4.6  lcd_init
0     76   0   4   336  6.0  lcd_gotoxy
0     34   0   0             @goto10131
0    118   1   1   375  5.1  lcd_putc
0     88   1   1   260  3.2  cursor
0     34   0   0             @goto10155
0    150   1  11   699  6.2  mmc_cmd
0     86   1   5   279  4.6  set_BLOCKLEN
0    202   1  13   789  7.2  read_BLOCK
0    976   6  61  3612 12.0  init_MMC
0      6   0   0             @const188
0     34   0   2             @PSTRINGC_57600_31766_31767
0     34   0   5             @MUL1616
0     90   1  14             @MUL3232
0     72   0   5             @DIV1616
0     26   0   0             @const228
0     42   0   3             @PSTRINGCN_57600_31766_31767
0     24   0   0             @const241
0     10   0   0             @const242
0     22   0   0             @const246
0   1118   7  18  1586  7.5  cluster_addr
0   1550   9  67  5882 12.8  open_file
0     30   0   0             @const269
0     38   0   2             @PSTRINGR_57600_31766_31767
0   1476   9  19  1435  9.2  file_read
0    146   1   6   341  8.6  strncmp
0     66   0   3   174  3.3  beep
0     90   1   1   207  2.2  initialisation
0     20   0   0             @const297
0     32   0   2             @PSTRINGC_92
0     16   0   0             @const299
0    538   3   2  1044  8.6  test_carte
0     40   0   0             @const301
0     38   0   0             @const303
0     22   0   0             @const306
0     26   0   0             @const307
0     32   0   0             @const308
0     44   0   3             @DIV88
0    126   1   2             @PRINTF_U_57600_31766_31767
0     44   0   0             @const315
0    172   1   9             @PRINTF_LU_57600_31766_31767
0     30   0   0             @const318
0     28   0   0             @const320
0    128   1  13             @DIV3232
0    194   1  12             @PRINTF_L32U_57600_31766_31767
0     66   0   0    38  1.2  MAIN

Program metrics:
    Functions               18
    Statements              573
    Comments                663
    Volume (V)              26828
    Difficilty (D)          108.7
    Effort to implement (E) 2915433
    Time to implement (T)   44 hours, 59 minutes
    Est Delivered Bugs (B)  7
    Cyclomatic Complexity   83
    Maintainability (MI)    77

 Segment     Used  Free
-----------  ----  ----
00000-00002     4  0  
00004-07FFE  8514  24250  



