
ROM used: 27382 (84%)
          27382 (84%) including unused fragments

          4 Average locations per line
          16 Average locations per statement

RAM used: 1385 (68%) at main() level
          1798 (88%) worst case

Stack used: 17 worst case (out of 31 total available)

Lines Stmts  %   Files
----- ----- ---  -----
  483   153   9  ex_fat.c
  457     0   0  C:\Program Files (x86)\PICC\devices\18F4550.h
 1273   359  21  C:\Program Files (x86)\PICC\drivers\stdlib.h
   28     0   0  C:\Program Files (x86)\PICC\drivers\stddef.h
  409     0   0  C:\Program Files (x86)\PICC\drivers\string.h
   28     0   0  C:\Program Files (x86)\PICC\drivers\ctype.h
  917   290  17  C:\Program Files (x86)\PICC\drivers\mmcsd_mod.c
  163     0   0  C:\Program Files (x86)\PICC\drivers\stdint.h
 3264   903  53  C:\Program Files (x86)\PICC\drivers\fat_mod.c
----- -----
 7022  1705 Total

Page ROM  %  RAM   Vol Diff  Functions:
---- --- --- ---   --- ----  ----------
0     40   0   1             @delay_ms1
0      8   0   0             @PUTCHARI_BIU_1
0     24   0   0             @GETCH_BIU_1
0    114   0   9   272  5.5  strcat
0    120   0   5   231  6.6  strcmp
0     68   0   4   153  4.7  strchr
0    122   0   9   288  6.0  strpbrk
0     70   0   6   209  5.2  strrchr
0    144   0   9   346  7.5  strspn
0    144   0   9   318  6.5  strstr
0    176   0  10   475  7.2  strtok
0     58   0   5   129  4.6  strlen
0    266   0   6   436  7.9  stricmp
0     76   0   4             @DIVS88
0    674   1  16  1882 11.0  atoi32
0     92   0  14             @MUL3232
0     72   0   5             @DIV1616
0     70   0   5             @SPI_XFER_1
0    214   0  10   383  5.0  mmcsd_check_part
0    326   1   2  1566  7.3  mmcsd_init
0    144   0  17   268  5.3  mmcsd_read_data
0    278   1  15   813  6.7  mmcsd_read_block
0    146   0  16   273  5.3  mmcsd_write_data
0    252   0  13   779  8.1  mmcsd_write_block
0     24   0   0    48  1.6  mmcsd_go_idle_state
0     26   0   0    48  1.6  mmcsd_send_op_cond
0     34   0   4    53  1.7  mmcsd_set_blocklen
0     34   0   4    53  1.7  mmcsd_read_single_block
0     34   0   4    53  1.7  mmcsd_write_single_block
0     26   0   0    48  1.6  mmcsd_sd_send_op_cond
0     26   0   0    48  1.6  mmcsd_app_cmd
0     46   0   1    74  2.2  mmcsd_crc_on_off
0    152   0  11   823  4.8  mmcsd_send_cmd
0     56   0   2   189  4.2  mmcsd_get_r1
0     30   0   2    96  3.2  mmcsd_wait_for_token
0     90   0   8   587  6.6  mmcsd_crc7
0    114   0  10   593  6.7  mmcsd_crc16
0      4   0   0    17  0.8  mmcsd_select
0     18   0   0    43  1.3  mmcsd_deselect
0     42   0   0    68  2.1  mmcsd_load_buffer
0     56   0   0   106  2.6  mmcsd_flush_buffer
0    170   0   9   343  4.5  mmcsd_move_buffer
0     82   0  13   188  4.7  mmcsd_read_byte
0     78   0  10   212  2.9  mmcsd_write_byte
0    698   1 102  2174 12.6  fatopen
0    816   1  13  1500  8.4  fatclose
0    278   1   9   601  8.1  fatgetc
0    734   1   9  1200  9.7  fatputc
0     86   0   6   231  6.3  fatputs
0     46   0   3   159  4.5  fatprintf
0   1052   2  22  1268 11.8  fatsetpos
0    128   0  13             @DIV3232
0    288   1  15   655  9.3  fatseek
0    412   1  10   598  7.6  fatflush
0    130   0   4    86  2.7  rewind
0    514   1  72  1179  7.3  rm_file
0    134   0  63   374  6.5  rm_dir
0    390   1 136  1260  9.8  mk_file
0   1034   2 137  3858 10.4  mk_dir
0   1770   3  52  3322 11.5  set_file
0    378   1  20  1139  9.9  get_file_name
0    736   1  63  2519 14.2  set_file_name
0    212   0  14   618  8.8  get_short_file_name
0   1114   2  55  3357 11.5  make_short_file_name
0     34   0   1             @SPRINTF
0     44   0   3             @DIV88
0    126   0   2             @PRINTF_U_745
0     70   0   5   257  7.6  long_name_chksum
0    122   0   4   233  6.0  check_invalid_char
0    306   1  21   584  8.8  get_next_free_cluster
0    668   1  22  1188  8.3  get_next_file
0    114   0   8   181  5.2  get_next_entry
0    112   0   8   181  5.2  get_prev_entry
0    274   1   9   522  6.8  get_next_free_entry
0    182   0  10   448  5.3  alloc_clusters
0    110   0   7   295  6.2  dealloc_clusters
0    180   0  45   425  6.8  clear_cluster
0     74   0   7   144  5.1  write_fat
0    276   1  11   474  8.8  read_buffer
0    338   1   9   404  7.5  write_buffer
0    170   0   7   646  6.5  fill_entry
0    782   1  25  1409  7.4  fat_init
0     34   0   5             @MUL1616
0     94   0   5   133  4.7  get_next_cluster
0    146   0   9   283  7.2  get_prev_cluster
0    380   1  12   441  7.3  get_next_addr
0    404   1  12   436  7.3  get_prev_addr
0    108   0   8   110  3.8  cluster_to_addr
0    186   0   8    99  3.7  addr_to_cluster
0   1340   2 137  5075  9.5  format
0     38   0   2             @PSTRINGR_745
0    244   0  95   580  6.8  disp_folder_contents
0     10   0   0             @const838
0     42   0   3             @PSTRINGCN_9600_31766_31767
0     38   0   2             @PSTRINGR_9600_31766_31767
0     14   0   0             @const846
0     34   0   2             @PSTRINGC_9600_31766_31767
0     20   0   0             @const856
0     30   0   0             @const857
0     24   0   0             @const858
0     30   0   0             @const859
0     28   0   0             @const860
0      8   0   0             @const864
0      8   0   0             @const865
0     20   0   0             @const866
0     12   0   0             @const867
0     14   0   0             @const869
0     24   0   0             @const871
0     24   0   0             @const872
0     20   0   0             @const873
0    200   0  12             @PRINTF_L32U_9600_31766_31767
0    102   0  15   283  6.7  FindCommand
0     54   0   0    30  1.3  DisplayPrompt
0    104   0   3   131  3.2  DeleteFile
0     18   0   0             @const887
0     20   0   0             @const888
0    104   0   3   131  3.2  MakeFile
0     22   0   0             @const892
0     20   0   0             @const893
0    252   0  66   386  4.2  AppendFile
0     28   0   0             @const899
0     20   0   0             @const902
0     20   0   0             @const904
0    338   1  66   567  7.0  ChangeDirectory
0     28   0   0             @const914
0     14   0   2    29  1.6  DisplayDirectory
0    168   0   6   232  4.3  MakeDirectory
0     26   0   0             @const921
0     26   0   0             @const922
0    170   0   6   236  4.0  RemoveDirectory
0     28   0   0             @const926
0     26   0   0             @const929
0    136   0  65   290  4.0  PrintFile
0     22   0   0             @const937
0    150   0   7   185  3.8  FormatMedia
0     32   0   0             @const942
0     24   0   0             @const943
0    160   0   0   268  1.4  ShowHelp
0     18   0   0             @const946
0     38   0   0             @const947
0     44   0   0             @const948
0     68   0   0             @const949
0     44   0   0             @const950
0     48   0   0             @const951
0     46   0   0             @const952
0     62   0   0             @const953
0     36   0   0             @const954
0     40   0   0             @const955
0     82   0   0             @const956
0     22   0   0             @const957
0     48   0   0             @const958
0     42   0   6    78  3.6  GetCMD
0    128   0  11   247  6.2  GetOption
0   1102   2 521  2172 11.9  main
0     30   0   0             @const974
0     22   0   0             @const976

Program metrics:
    Functions               94
    Statements              1705
    Comments                2681
    Volume (V)              112160
    Difficilty (D)          563.4
    Effort to implement (E) 63190157
    Time to implement (T)   975 hours, 9 minutes
    Est Delivered Bugs (B)  53
    Cyclomatic Complexity   310
    Maintainability (MI)    132

 Segment     Used  Free
-----------  ----  ----
00000-00002     4  0  
00004-07FFE  27378  5386  



